mode: set
github.com/isvaldo/go-coinmarketcap-client/http.go:28.64,31.67 3 1
github.com/isvaldo/go-coinmarketcap-client/http.go:34.2,35.61 2 1
github.com/isvaldo/go-coinmarketcap-client/http.go:38.2,38.18 1 1
github.com/isvaldo/go-coinmarketcap-client/http.go:31.67,33.3 1 0
github.com/isvaldo/go-coinmarketcap-client/http.go:35.61,37.3 1 0
github.com/isvaldo/go-coinmarketcap-client/http.go:42.57,45.61 3 1
github.com/isvaldo/go-coinmarketcap-client/http.go:48.2,48.48 1 1
github.com/isvaldo/go-coinmarketcap-client/http.go:45.61,47.3 1 0
github.com/isvaldo/go-coinmarketcap-client/http.go:52.72,55.61 3 0
github.com/isvaldo/go-coinmarketcap-client/http.go:58.2,58.48 1 0
github.com/isvaldo/go-coinmarketcap-client/http.go:55.61,57.3 1 0
github.com/isvaldo/go-coinmarketcap-client/http.go:62.78,65.61 3 0
github.com/isvaldo/go-coinmarketcap-client/http.go:68.2,68.48 1 0
github.com/isvaldo/go-coinmarketcap-client/http.go:65.61,67.3 1 0
github.com/isvaldo/go-coinmarketcap-client/http.go:72.84,74.16 2 1
github.com/isvaldo/go-coinmarketcap-client/http.go:77.2,80.16 4 1
github.com/isvaldo/go-coinmarketcap-client/http.go:83.2,85.15 2 1
github.com/isvaldo/go-coinmarketcap-client/http.go:89.2,89.45 1 1
github.com/isvaldo/go-coinmarketcap-client/http.go:74.16,76.3 1 0
github.com/isvaldo/go-coinmarketcap-client/http.go:80.16,82.3 1 0
github.com/isvaldo/go-coinmarketcap-client/http.go:85.15,88.3 2 0
github.com/isvaldo/go-coinmarketcap-client/interface.go:13.76,15.2 1 0
github.com/isvaldo/go-coinmarketcap-client/interface.go:17.37,19.16 2 0
github.com/isvaldo/go-coinmarketcap-client/interface.go:22.2,22.13 1 0
github.com/isvaldo/go-coinmarketcap-client/interface.go:19.16,20.13 1 0
github.com/isvaldo/go-coinmarketcap-client/interface.go:25.45,27.2 1 1
github.com/isvaldo/go-coinmarketcap-client/interface.go:30.78,35.2 1 1
github.com/isvaldo/go-coinmarketcap-client/market.go:35.37,37.2 1 0
github.com/isvaldo/go-coinmarketcap-client/market.go:39.47,40.28 1 0
github.com/isvaldo/go-coinmarketcap-client/market.go:43.2,43.12 1 0
github.com/isvaldo/go-coinmarketcap-client/market.go:40.28,42.3 1 0
github.com/isvaldo/go-coinmarketcap-client/market.go:47.55,49.2 1 0
github.com/isvaldo/go-coinmarketcap-client/market.go:52.54,54.2 1 0
github.com/isvaldo/go-coinmarketcap-client/market.go:58.43,59.47 1 0
github.com/isvaldo/go-coinmarketcap-client/market.go:59.47,62.3 1 0
github.com/isvaldo/go-coinmarketcap-client/market.go:67.50,68.47 1 0
github.com/isvaldo/go-coinmarketcap-client/market.go:68.47,71.3 1 0
github.com/isvaldo/go-coinmarketcap-client/market.go:76.51,77.47 1 0
github.com/isvaldo/go-coinmarketcap-client/market.go:77.47,80.3 1 0
github.com/isvaldo/go-coinmarketcap-client/market.go:85.50,86.47 1 0
github.com/isvaldo/go-coinmarketcap-client/market.go:86.47,89.3 1 0
github.com/isvaldo/go-coinmarketcap-client/market.go:94.50,95.47 1 0
github.com/isvaldo/go-coinmarketcap-client/market.go:95.47,98.3 1 0
github.com/isvaldo/go-coinmarketcap-client/market.go:103.47,104.47 1 0
github.com/isvaldo/go-coinmarketcap-client/market.go:104.47,107.3 1 0
github.com/isvaldo/go-coinmarketcap-client/market.go:111.76,113.34 2 0
github.com/isvaldo/go-coinmarketcap-client/market.go:118.2,118.17 1 0
github.com/isvaldo/go-coinmarketcap-client/market.go:113.34,114.92 1 0
github.com/isvaldo/go-coinmarketcap-client/market.go:114.92,116.4 1 0
github.com/isvaldo/go-coinmarketcap-client/market.go:122.78,124.34 2 0
github.com/isvaldo/go-coinmarketcap-client/market.go:129.2,129.17 1 0
github.com/isvaldo/go-coinmarketcap-client/market.go:124.34,125.94 1 0
github.com/isvaldo/go-coinmarketcap-client/market.go:125.94,127.4 1 0
github.com/isvaldo/go-coinmarketcap-client/market.go:132.69,136.2 3 0
